{"name": "test_ContactuIncorrectly_when_NameIsNull", "status": "broken", "statusDetails": {"message": "selenium.common.exceptions.NoSuchElementException: Message: no such element: Unable to locate element: {\"method\":\"xpath\",\"selector\":\"//input[@id='wpforms-15-field_5']\"}\n  (Session info: chrome=101.0.4951.67)\nStacktrace:\nBacktrace:\n\tOrdinal0 [0x00D3B8F3+2406643]\n\tOrdinal0 [0x00CCAF31+1945393]\n\tOrdinal0 [0x00BBC748+837448]\n\tOrdinal0 [0x00BE92E0+1020640]\n\tOrdinal0 [0x00BE957B+1021307]\n\tOrdinal0 [0x00C16372+1205106]\n\tOrdinal0 [0x00C042C4+1131204]\n\tOrdinal0 [0x00C14682+1197698]\n\tOrdinal0 [0x00C04096+1130646]\n\tOrdinal0 [0x00BDE636+976438]\n\tOrdinal0 [0x00BDF546+980294]\n\tGetHandleVerifier [0x00FA9612+2498066]\n\tGetHandleVerifier [0x00F9C920+2445600]\n\tGetHandleVerifier [0x00DD4F2A+579370]\n\tGetHandleVerifier [0x00DD3D36+574774]\n\tOrdinal0 [0x00CD1C0B+1973259]\n\tOrdinal0 [0x00CD6688+1992328]\n\tOrdinal0 [0x00CD6775+1992565]\n\tOrdinal0 [0x00CDF8D1+2029777]\n\tBaseThreadInitThunk [0x76046739+25]\n\tRtlGetFullPathName_UEx [0x773C8FEF+1215]\n\tRtlGetFullPathName_UEx [0x773C8FBD+1165]", "trace": "self = <Web.Tests.test_contact.Test_ContactUs object at 0x000001BAB930DF60>\n\n    def test_ContactuIncorrectly_when_NameIsNull(self):\n        driver = self.driver\n        contact = ContactUsForm(driver)\n>       contact.enter_subject(\"shalom\")\n\nWeb\\Tests\\test_contact.py:69: \n_ _ _ _ _ _ _ _ _ _ _ _ _ _ _ _ _ _ _ _ _ _ _ _ _ _ _ _ _ _ _ _ _ _ _ _ _ _ _ _\nWeb\\Pages\\ContactPage.py:24: in enter_subject\n    self.driver.find_element(By.XPATH, self.Subject_field).send_keys(subject)\nvenv\\lib\\site-packages\\selenium\\webdriver\\remote\\webdriver.py:1251: in find_element\n    return self.execute(Command.FIND_ELEMENT, {\nvenv\\lib\\site-packages\\selenium\\webdriver\\remote\\webdriver.py:430: in execute\n    self.error_handler.check_response(response)\n_ _ _ _ _ _ _ _ _ _ _ _ _ _ _ _ _ _ _ _ _ _ _ _ _ _ _ _ _ _ _ _ _ _ _ _ _ _ _ _\n\nself = <selenium.webdriver.remote.errorhandler.ErrorHandler object at 0x000001BAB93A1FF0>\nresponse = {'status': 404, 'value': '{\"value\":{\"error\":\"no such element\",\"message\":\"no such element: Unable to locate element: {\\...unk [0x76046739+25]\\\\n\\\\tRtlGetFullPathName_UEx [0x773C8FEF+1215]\\\\n\\\\tRtlGetFullPathName_UEx [0x773C8FBD+1165]\\\\n\"}}'}\n\n    def check_response(self, response: Dict[str, Any]) -> None:\n        \"\"\"\n        Checks that a JSON response from the WebDriver does not have an error.\n    \n        :Args:\n         - response - The JSON response from the WebDriver server as a dictionary\n           object.\n    \n        :Raises: If the response contains an error message.\n        \"\"\"\n        status = response.get('status', None)\n        if not status or status == ErrorCode.SUCCESS:\n            return\n        value = None\n        message = response.get(\"message\", \"\")\n        screen: str = response.get(\"screen\", \"\")\n        stacktrace = None\n        if isinstance(status, int):\n            value_json = response.get('value', None)\n            if value_json and isinstance(value_json, str):\n                import json\n                try:\n                    value = json.loads(value_json)\n                    if len(value.keys()) == 1:\n                        value = value['value']\n                    status = value.get('error', None)\n                    if not status:\n                        status = value.get(\"status\", ErrorCode.UNKNOWN_ERROR)\n                        message = value.get(\"value\") or value.get(\"message\")\n                        if not isinstance(message, str):\n                            value = message\n                            message = message.get('message')\n                    else:\n                        message = value.get('message', None)\n                except ValueError:\n                    pass\n    \n        exception_class: Type[WebDriverException]\n        if status in ErrorCode.NO_SUCH_ELEMENT:\n            exception_class = NoSuchElementException\n        elif status in ErrorCode.NO_SUCH_FRAME:\n            exception_class = NoSuchFrameException\n        elif status in ErrorCode.NO_SUCH_SHADOW_ROOT:\n            exception_class = NoSuchShadowRootException\n        elif status in ErrorCode.NO_SUCH_WINDOW:\n            exception_class = NoSuchWindowException\n        elif status in ErrorCode.STALE_ELEMENT_REFERENCE:\n            exception_class = StaleElementReferenceException\n        elif status in ErrorCode.ELEMENT_NOT_VISIBLE:\n            exception_class = ElementNotVisibleException\n        elif status in ErrorCode.INVALID_ELEMENT_STATE:\n            exception_class = InvalidElementStateException\n        elif status in ErrorCode.INVALID_SELECTOR \\\n                or status in ErrorCode.INVALID_XPATH_SELECTOR \\\n                or status in ErrorCode.INVALID_XPATH_SELECTOR_RETURN_TYPER:\n            exception_class = InvalidSelectorException\n        elif status in ErrorCode.ELEMENT_IS_NOT_SELECTABLE:\n            exception_class = ElementNotSelectableException\n        elif status in ErrorCode.ELEMENT_NOT_INTERACTABLE:\n            exception_class = ElementNotInteractableException\n        elif status in ErrorCode.INVALID_COOKIE_DOMAIN:\n            exception_class = InvalidCookieDomainException\n        elif status in ErrorCode.UNABLE_TO_SET_COOKIE:\n            exception_class = UnableToSetCookieException\n        elif status in ErrorCode.TIMEOUT:\n            exception_class = TimeoutException\n        elif status in ErrorCode.SCRIPT_TIMEOUT:\n            exception_class = TimeoutException\n        elif status in ErrorCode.UNKNOWN_ERROR:\n            exception_class = WebDriverException\n        elif status in ErrorCode.UNEXPECTED_ALERT_OPEN:\n            exception_class = UnexpectedAlertPresentException\n        elif status in ErrorCode.NO_ALERT_OPEN:\n            exception_class = NoAlertPresentException\n        elif status in ErrorCode.IME_NOT_AVAILABLE:\n            exception_class = ImeNotAvailableException\n        elif status in ErrorCode.IME_ENGINE_ACTIVATION_FAILED:\n            exception_class = ImeActivationFailedException\n        elif status in ErrorCode.MOVE_TARGET_OUT_OF_BOUNDS:\n            exception_class = MoveTargetOutOfBoundsException\n        elif status in ErrorCode.JAVASCRIPT_ERROR:\n            exception_class = JavascriptException\n        elif status in ErrorCode.SESSION_NOT_CREATED:\n            exception_class = SessionNotCreatedException\n        elif status in ErrorCode.INVALID_ARGUMENT:\n            exception_class = InvalidArgumentException\n        elif status in ErrorCode.NO_SUCH_COOKIE:\n            exception_class = NoSuchCookieException\n        elif status in ErrorCode.UNABLE_TO_CAPTURE_SCREEN:\n            exception_class = ScreenshotException\n        elif status in ErrorCode.ELEMENT_CLICK_INTERCEPTED:\n            exception_class = ElementClickInterceptedException\n        elif status in ErrorCode.INSECURE_CERTIFICATE:\n            exception_class = InsecureCertificateException\n        elif status in ErrorCode.INVALID_COORDINATES:\n            exception_class = InvalidCoordinatesException\n        elif status in ErrorCode.INVALID_SESSION_ID:\n            exception_class = InvalidSessionIdException\n        elif status in ErrorCode.UNKNOWN_METHOD:\n            exception_class = UnknownMethodException\n        else:\n            exception_class = WebDriverException\n        if not value:\n            value = response['value']\n        if isinstance(value, str):\n            raise exception_class(value)\n        if message == \"\" and 'message' in value:\n            message = value['message']\n    \n        screen = None  # type: ignore[assignment]\n        if 'screen' in value:\n            screen = value['screen']\n    \n        stacktrace = None\n        st_value = value.get('stackTrace') or value.get('stacktrace')\n        if st_value:\n            if isinstance(st_value, str):\n                stacktrace = st_value.split('\\n')\n            else:\n                stacktrace = []\n                try:\n                    for frame in st_value:\n                        line = self._value_or_default(frame, 'lineNumber', '')\n                        file = self._value_or_default(frame, 'fileName', '<anonymous>')\n                        if line:\n                            file = \"%s:%s\" % (file, line)\n                        meth = self._value_or_default(frame, 'methodName', '<anonymous>')\n                        if 'className' in frame:\n                            meth = \"%s.%s\" % (frame['className'], meth)\n                        msg = \"    at %s (%s)\"\n                        msg = msg % (meth, file)\n                        stacktrace.append(msg)\n                except TypeError:\n                    pass\n        if exception_class == UnexpectedAlertPresentException:\n            alert_text = None\n            if 'data' in value:\n                alert_text = value['data'].get('text')\n            elif 'alert' in value:\n                alert_text = value['alert'].get('text')\n            raise exception_class(message, screen, stacktrace, alert_text)  # type: ignore[call-arg]  # mypy is not smart enough here\n>       raise exception_class(message, screen, stacktrace)\nE       selenium.common.exceptions.NoSuchElementException: Message: no such element: Unable to locate element: {\"method\":\"xpath\",\"selector\":\"//input[@id='wpforms-15-field_5']\"}\nE         (Session info: chrome=101.0.4951.67)\nE       Stacktrace:\nE       Backtrace:\nE       \tOrdinal0 [0x00D3B8F3+2406643]\nE       \tOrdinal0 [0x00CCAF31+1945393]\nE       \tOrdinal0 [0x00BBC748+837448]\nE       \tOrdinal0 [0x00BE92E0+1020640]\nE       \tOrdinal0 [0x00BE957B+1021307]\nE       \tOrdinal0 [0x00C16372+1205106]\nE       \tOrdinal0 [0x00C042C4+1131204]\nE       \tOrdinal0 [0x00C14682+1197698]\nE       \tOrdinal0 [0x00C04096+1130646]\nE       \tOrdinal0 [0x00BDE636+976438]\nE       \tOrdinal0 [0x00BDF546+980294]\nE       \tGetHandleVerifier [0x00FA9612+2498066]\nE       \tGetHandleVerifier [0x00F9C920+2445600]\nE       \tGetHandleVerifier [0x00DD4F2A+579370]\nE       \tGetHandleVerifier [0x00DD3D36+574774]\nE       \tOrdinal0 [0x00CD1C0B+1973259]\nE       \tOrdinal0 [0x00CD6688+1992328]\nE       \tOrdinal0 [0x00CD6775+1992565]\nE       \tOrdinal0 [0x00CDF8D1+2029777]\nE       \tBaseThreadInitThunk [0x76046739+25]\nE       \tRtlGetFullPathName_UEx [0x773C8FEF+1215]\nE       \tRtlGetFullPathName_UEx [0x773C8FBD+1165]\n\nvenv\\lib\\site-packages\\selenium\\webdriver\\remote\\errorhandler.py:247: NoSuchElementException"}, "steps": [{"name": "enter_subject", "status": "broken", "statusDetails": {"message": "selenium.common.exceptions.NoSuchElementException: Message: no such element: Unable to locate element: {\"method\":\"xpath\",\"selector\":\"//input[@id='wpforms-15-field_5']\"}\n  (Session info: chrome=101.0.4951.67)\nStacktrace:\nBacktrace:\n\tOrdinal0 [0x00D3B8F3+2406643]\n\tOrdinal0 [0x00CCAF31+1945393]\n\tOrdinal0 [0x00BBC748+837448]\n\tOrdinal0 [0x00BE92E0+1020640]\n\tOrdinal0 [0x00BE957B+1021307]\n\tOrdinal0 [0x00C16372+1205106]\n\tOrdinal0 [0x00C042C4+1131204]\n\tOrdinal0 [0x00C14682+1197698]\n\tOrdinal0 [0x00C04096+1130646]\n\tOrdinal0 [0x00BDE636+976438]\n\tOrdinal0 [0x00BDF546+980294]\n\tGetHandleVerifier [0x00FA9612+2498066]\n\tGetHandleVerifier [0x00F9C920+2445600]\n\tGetHandleVerifier [0x00DD4F2A+579370]\n\tGetHandleVerifier [0x00DD3D36+574774]\n\tOrdinal0 [0x00CD1C0B+1973259]\n\tOrdinal0 [0x00CD6688+1992328]\n\tOrdinal0 [0x00CD6775+1992565]\n\tOrdinal0 [0x00CDF8D1+2029777]\n\tBaseThreadInitThunk [0x76046739+25]\n\tRtlGetFullPathName_UEx [0x773C8FEF+1215]\n\tRtlGetFullPathName_UEx [0x773C8FBD+1165]\n\n", "trace": "  File \"c:\\users\\racha\\pycharmprojects\\automationproject\\venv\\lib\\site-packages\\allure_commons\\_allure.py\", line 172, in impl\n    return func(*a, **kw)\n  File \"C:\\Users\\racha\\PycharmProjects\\AutomationProject\\Web\\Pages\\ContactPage.py\", line 24, in enter_subject\n    self.driver.find_element(By.XPATH, self.Subject_field).send_keys(subject)\n  File \"c:\\users\\racha\\pycharmprojects\\automationproject\\venv\\lib\\site-packages\\selenium\\webdriver\\remote\\webdriver.py\", line 1251, in find_element\n    return self.execute(Command.FIND_ELEMENT, {\n  File \"c:\\users\\racha\\pycharmprojects\\automationproject\\venv\\lib\\site-packages\\selenium\\webdriver\\remote\\webdriver.py\", line 430, in execute\n    self.error_handler.check_response(response)\n  File \"c:\\users\\racha\\pycharmprojects\\automationproject\\venv\\lib\\site-packages\\selenium\\webdriver\\remote\\errorhandler.py\", line 247, in check_response\n    raise exception_class(message, screen, stacktrace)\n"}, "parameters": [{"name": "subject", "value": "'shalom'"}], "start": 1653487824131, "stop": 1653487834177}], "attachments": [{"name": "log", "source": "75fce548-19e5-42d5-941c-c268f67aef6d-attachment.txt", "type": "text/plain"}], "start": 1653487824131, "stop": 1653487834178, "uuid": "92e2d873-e5a2-407c-8f6e-15c88d00d9b0", "historyId": "991e015ba6f9a5ac711b190a7a5a8f50", "testCaseId": "95a6181a6f2ebd9a4b8eac76d7e7dfb0", "fullName": "Web.Tests.test_contact.Test_ContactUs#test_ContactuIncorrectly_when_NameIsNull", "labels": [{"name": "tag", "value": "@pytest.mark.usefixtures('set_up')"}, {"name": "parentSuite", "value": "Web.Tests"}, {"name": "suite", "value": "test_contact"}, {"name": "subSuite", "value": "Test_ContactUs"}, {"name": "host", "value": "DESKTOP-FGU8170"}, {"name": "thread", "value": "14728-MainThread"}, {"name": "framework", "value": "pytest"}, {"name": "language", "value": "cpython3"}, {"name": "package", "value": "Web.Tests.test_contact"}]}